<?xml version="1.0" encoding="UTF-8"?>
<!-- Generated by org.testng.reporters.JUnitXMLReporter -->
<testsuite ignored="0" hostname="DESKTOP-Q25CNSK" failures="0" tests="10" name="Default test" time="6.588" errors="0" timestamp="2019-12-24T10:47:02 IST">
  <testcase classname="com.org.MavenGroup.MavenArtifactID.Tests.SmokeTests" name="@BeforeClass init" time="0.0">
    <failure type="java.lang.NullPointerException">
      <![CDATA[java.lang.NullPointerException
at com.org.MavenGroup.MavenArtifactID.Tests.SmokeTests.init(SmokeTests.java:79)
at java.base/jdk.internal.reflect.NativeMethodAccessorImpl.invoke0(Native Method)
at java.base/jdk.internal.reflect.NativeMethodAccessorImpl.invoke(NativeMethodAccessorImpl.java:62)
at java.base/jdk.internal.reflect.DelegatingMethodAccessorImpl.invoke(DelegatingMethodAccessorImpl.java:43)
at java.base/java.lang.reflect.Method.invoke(Method.java:567)
at org.testng.internal.MethodInvocationHelper.invokeMethod(MethodInvocationHelper.java:133)
at org.testng.internal.MethodInvocationHelper.invokeMethodConsideringTimeout(MethodInvocationHelper.java:62)
at org.testng.internal.ConfigInvoker.invokeConfigurationMethod(ConfigInvoker.java:340)
at org.testng.internal.ConfigInvoker.invokeConfigurations(ConfigInvoker.java:294)
at org.testng.internal.TestMethodWorker.invokeBeforeClassMethods(TestMethodWorker.java:176)
at org.testng.internal.TestMethodWorker.run(TestMethodWorker.java:122)
at java.base/java.util.ArrayList.forEach(ArrayList.java:1540)
at org.testng.TestRunner.privateRun(TestRunner.java:770)
at org.testng.TestRunner.run(TestRunner.java:591)
at org.testng.SuiteRunner.runTest(SuiteRunner.java:402)
at org.testng.SuiteRunner.runSequentially(SuiteRunner.java:396)
at org.testng.SuiteRunner.privateRun(SuiteRunner.java:355)
at org.testng.SuiteRunner.run(SuiteRunner.java:304)
at org.testng.SuiteRunnerWorker.runSuite(SuiteRunnerWorker.java:53)
at org.testng.SuiteRunnerWorker.run(SuiteRunnerWorker.java:96)
at org.testng.TestNG.runSuitesSequentially(TestNG.java:1180)
at org.testng.TestNG.runSuitesLocally(TestNG.java:1102)
at org.testng.TestNG.runSuites(TestNG.java:1032)
at org.testng.TestNG.run(TestNG.java:1000)
at org.testng.remote.AbstractRemoteTestNG.run(AbstractRemoteTestNG.java:115)
at org.testng.remote.RemoteTestNG.initAndRun(RemoteTestNG.java:251)
at org.testng.remote.RemoteTestNG.main(RemoteTestNG.java:77)
]]>
    </failure>
  </testcase> <!-- @BeforeClass init -->
  <testcase classname="com.org.MavenGroup.MavenArtifactID.Tests.SmokeTests" name="@AfterTest terminateBrowser" time="-1.57716462291E9">
    <skipped/>
  </testcase> <!-- @AfterTest terminateBrowser -->
  <testcase classname="com.org.MavenGroup.MavenArtifactID.Tests.SmokeTests" name="TC_01_LogIn" time="0.0">
    <skipped/>
  </testcase> <!-- TC_01_LogIn -->
  <testcase classname="com.org.MavenGroup.MavenArtifactID.Tests.SmokeTests" name="TC_02_Team_Request" time="0.0">
    <skipped/>
  </testcase> <!-- TC_02_Team_Request -->
  <testcase classname="com.org.MavenGroup.MavenArtifactID.Tests.SmokeTests" name="TC_03_Approve_Request" time="0.0">
    <skipped/>
  </testcase> <!-- TC_03_Approve_Request -->
  <testcase classname="com.org.MavenGroup.MavenArtifactID.Tests.SmokeTests" name="TC_04_Search" time="0.0">
    <skipped/>
  </testcase> <!-- TC_04_Search -->
  <testcase classname="com.org.MavenGroup.MavenArtifactID.Tests.SmokeTests" name="TC_05_Mark_As_A_Favorite" time="0.0">
    <skipped/>
  </testcase> <!-- TC_05_Mark_As_A_Favorite -->
  <testcase classname="com.org.MavenGroup.MavenArtifactID.Tests.SmokeTests" name="TC_06_Save_Hub" time="0.0">
    <skipped/>
  </testcase> <!-- TC_06_Save_Hub -->
  <testcase classname="com.org.MavenGroup.MavenArtifactID.Tests.SmokeTests" name="TC_07_CheckHub_Data" time="0.0">
    <skipped/>
  </testcase> <!-- TC_07_CheckHub_Data -->
  <testcase classname="com.org.MavenGroup.MavenArtifactID.Tests.SmokeTests" name="TC_08_Send_NewsLetter" time="0.0">
    <skipped/>
  </testcase> <!-- TC_08_Send_NewsLetter -->
  <testcase classname="com.org.MavenGroup.MavenArtifactID.Tests.SmokeTests" name="TC_09_Send_Feedback" time="0.0">
    <skipped/>
  </testcase> <!-- TC_09_Send_Feedback -->
  <testcase classname="com.org.MavenGroup.MavenArtifactID.Tests.SmokeTests" name="TC_10_Check_NewsLetter" time="0.0">
    <skipped/>
  </testcase> <!-- TC_10_Check_NewsLetter -->
</testsuite> <!-- Default test -->
