<?xml version="1.0" encoding="UTF-8"?>
<testng-results ignored="0" total="1" passed="1" failed="0" skipped="0">
  <reporter-output>
  </reporter-output>
  <suite started-at="2019-09-20T21:08:05 IST" name="Default suite" finished-at="2019-09-20T21:08:40 IST" duration-ms="34765">
    <groups>
    </groups>
    <test started-at="2019-09-20T21:08:05 IST" name="Default test" finished-at="2019-09-20T21:08:40 IST" duration-ms="34765">
      <class name="com.org.MavenGroup.MavenArtifactID.Tests.TC_01_VerifyLogIn">
        <test-method signature="TC_01_LogIn()[pri:0, instance:com.org.MavenGroup.MavenArtifactID.Tests.TC_01_VerifyLogIn@7e9131d5]" started-at="2019-09-20T21:08:06 IST" name="TC_01_LogIn" finished-at="2019-09-20T21:08:40 IST" duration-ms="34707" status="PASS">
          <reporter-output>
          </reporter-output>
        </test-method> <!-- TC_01_LogIn -->
      </class> <!-- com.org.MavenGroup.MavenArtifactID.Tests.TC_01_VerifyLogIn -->
    </test> <!-- Default test -->
  </suite> <!-- Default suite -->
</testng-results>
